[+] Containers:
 |- [+] Container: /Game/FirstPerson/Maps/FirstPersonMap
 |   |- [+] ActorDescs:
 |   |   |- Guid:0615E3BB439A6F034207C8B130BA5822 BaseClass: NativeClass:/Script/NavigationSystem.NavMeshBoundsVolume Name:NavMeshBoundsVolume_UAID_7085C22C68EB69F301_1713099248 Label:NavMeshBoundsVolumeSaucer SpatiallyLoaded:0 Bounds:IsValid=true, Min=(X=-495.000 Y=-1065.000 Z=-980.000), Max=(X=6055.000 Y=7185.000 Z=1620.000) RuntimeGrid:None EditorOnly:0 RuntimeOnly:0 HLODRelevant:0 ListedInSceneOutliner:1 IsMainWorldOnly:0
 |   |   |- Guid:0A7F00C840824134F071E4BB8D05D830 BaseClass: NativeClass:/Script/NavigationSystem.NavMeshBoundsVolume Name:NavMeshBoundsVolume_UAID_7085C22C68EB5AF301_1353301609 Label:NavMeshBoundsVolumePig SpatiallyLoaded:0 Bounds:IsValid=true, Min=(X=-3500.000 Y=-825.000 Z=-4780.000), Max=(X=6500.000 Y=2025.000 Z=5220.000) RuntimeGrid:None EditorOnly:0 RuntimeOnly:0 HLODRelevant:0 ListedInSceneOutliner:1 IsMainWorldOnly:0
 |   |   |- Guid:0EDB289B45CB7E0977A6DBA74201EE76 BaseClass: NativeClass:/Script/Engine.StaticMeshActor Name:StaticMeshActor_10 Label:SM_Cube6 SpatiallyLoaded:1 Bounds:IsValid=true, Min=(X=2900.000 Y=100.000 Z=0.000), Max=(X=3000.000 Y=6550.000 Z=400.000) RuntimeGrid:None EditorOnly:0 RuntimeOnly:0 HLODRelevant:1 ListedInSceneOutliner:1 IsMainWorldOnly:0 FolderPath:Playground FolderGuid:6C02BB504B69D1F3D7A624B130C18E5B
 |   |   |- Guid:14260BB94F573846C8EB9B88D324673D BaseClass: NativeClass:/Script/Engine.DecalActor Name:DecalActor_UAID_30F6EF30C20750F401_1878287903 Label:MI_Horse_Manure_wiylaiun_2K SpatiallyLoaded:1 Bounds:IsValid=true, Min=(X=94.000 Y=1304.000 Z=-128.000), Max=(X=606.000 Y=1816.000 Z=128.000) RuntimeGrid:None EditorOnly:0 RuntimeOnly:0 HLODRelevant:0 ListedInSceneOutliner:1 IsMainWorldOnly:0
 |   |   |- Guid:21262252453B37957EF29F82ABA2413B BaseClass: NativeClass:/Script/Engine.TextRenderActor Name:TextRenderActor_1 Label:TextRenderActor SpatiallyLoaded:1 Bounds:IsValid=true, Min=(X=-0.100 Y=1100.000 Z=65.013), Max=(X=-0.100 Y=2363.461 Z=215.013) RuntimeGrid:None EditorOnly:0 RuntimeOnly:0 HLODRelevant:0 ListedInSceneOutliner:1 IsMainWorldOnly:0
 |   |   |- Guid:3A36F8BC4765F96A158B2C9E68CDE9A0 BaseClass: NativeClass:/Script/Engine.DecalActor Name:DecalActor_UAID_30F6EF30C20750F401_1904299904 Label:MI_Horse_Manure_wiylaiun_2K2 SpatiallyLoaded:1 Bounds:IsValid=true, Min=(X=2194.000 Y=854.000 Z=-128.000), Max=(X=2706.000 Y=1366.000 Z=128.000) RuntimeGrid:None EditorOnly:0 RuntimeOnly:0 HLODRelevant:0 ListedInSceneOutliner:1 IsMainWorldOnly:0
 |   |   |- Guid:3C0C04FD41D7456C4CA359BF37EBA855 BaseClass: NativeClass:/Script/Engine.DecalActor Name:DecalActor_UAID_30F6EF30C20750F401_1983603907 Label:MI_Horse_Manure_wiylaiun_2K5 SpatiallyLoaded:1 Bounds:IsValid=true, Min=(X=1934.000 Y=2254.000 Z=-128.000), Max=(X=2446.000 Y=2766.000 Z=128.000) RuntimeGrid:None EditorOnly:0 RuntimeOnly:0 HLODRelevant:0 ListedInSceneOutliner:1 IsMainWorldOnly:0
 |   |   |- Guid:41435C294C61305C0436D99BCCEA48C3 BaseClass: NativeClass:/Script/Engine.StaticMeshActor Name:StaticMeshActor_UAID_30F6EF30C20751F401_1352364084 Label:S_Rusty_Metal_Tub_ukqkecpbw_lod3_Var1 SpatiallyLoaded:1 Bounds:IsValid=true, Min=(X=291.952 Y=3013.908 Z=-0.545), Max=(X=388.511 Y=3086.178 Z=40.529) RuntimeGrid:None EditorOnly:0 RuntimeOnly:0 HLODRelevant:1 ListedInSceneOutliner:1 IsMainWorldOnly:0
 |   |   |- Guid:5FE7584649BB6F09265329A6C57CFD0D BaseClass: NativeClass:/Script/Engine.VolumetricCloud Name:VolumetricCloud_0 Label:VolumetricCloud SpatiallyLoaded:0 Bounds:IsValid=true, Min=(X=0.000 Y=0.000 Z=820.000), Max=(X=0.000 Y=0.000 Z=820.000) RuntimeGrid:None EditorOnly:0 RuntimeOnly:0 HLODRelevant:0 ListedInSceneOutliner:1 IsMainWorldOnly:0 FolderPath:Lighting FolderGuid:0BA5F0A04EADB18E70D5B180D08FA34B
 |   |   |- Guid:61391D344900612A77DFC3BA3E354907 BaseClass: NativeClass:/Script/Engine.ExponentialHeightFog Name:ExponentialHeightFog_0 Label:ExponentialHeightFog SpatiallyLoaded:0 Bounds:IsValid=true, Min=(X=-5600.000 Y=-50.000 Z=-6850.000), Max=(X=-5600.000 Y=-50.000 Z=-6850.000) RuntimeGrid:None EditorOnly:0 RuntimeOnly:0 HLODRelevant:0 ListedInSceneOutliner:1 IsMainWorldOnly:0 FolderPath:Lighting FolderGuid:0BA5F0A04EADB18E70D5B180D08FA34B
 |   |   |- Guid:63290CB94F94C3BCEB6E36B26948B9E8 BaseClass: NativeClass:/Script/Engine.TriggerBox Name:TriggerBox_UAID_30F6EF30C20735F101_2109122983 Label:TriggerBox SpatiallyLoaded:1 Bounds:IsValid=true, Min=(X=-620.000 Y=-1640.000 Z=-570.000), Max=(X=7380.000 Y=6360.000 Z=-490.000) RuntimeGrid:None EditorOnly:0 RuntimeOnly:0 HLODRelevant:0 ListedInSceneOutliner:1 IsMainWorldOnly:0
 |   |   |- Guid:6FEFB3BD4EB37B849EF0D4AC80F83855 BaseClass: NativeClass:/Script/Engine.WorldDataLayers Name:WorldDataLayers Label:WorldDataLayers SpatiallyLoaded:0 Bounds:IsValid=true, Min=(X=0.000 Y=0.000 Z=0.000), Max=(X=0.000 Y=0.000 Z=0.000) RuntimeGrid:None EditorOnly:0 RuntimeOnly:0 HLODRelevant:0 ListedInSceneOutliner:1 IsMainWorldOnly:1
 |   |   |- Guid:72979D714746920CEC437888E4DE4372 BaseClass: NativeClass:/Script/NavigationSystem.RecastNavMesh Name:RecastNavMesh_UAID_7085C22C68EB5AF301-Default Label:RecastNavMesh-Default SpatiallyLoaded:0 Bounds:IsValid=true, Min=(X=0.000 Y=0.000 Z=0.000), Max=(X=0.000 Y=0.000 Z=0.000) RuntimeGrid:None EditorOnly:0 RuntimeOnly:0 HLODRelevant:0 ListedInSceneOutliner:1 IsMainWorldOnly:0
 |   |   |- Guid:78CAF7514C7533F30BD2F19A017AAB65 BaseClass: NativeClass:/Script/Engine.StaticMeshActor Name:StaticMeshActor_0 Label:SM_Cube SpatiallyLoaded:1 Bounds:IsValid=true, Min=(X=0.000 Y=0.000 Z=-50.000), Max=(X=3000.000 Y=6600.000 Z=0.000) RuntimeGrid:None EditorOnly:0 RuntimeOnly:0 HLODRelevant:1 ListedInSceneOutliner:1 IsMainWorldOnly:0 FolderPath:Playground FolderGuid:6C02BB504B69D1F3D7A624B130C18E5B
 |   |   |- Guid:8559D1384B14F466E8927697A36C1D78 BaseClass: NativeClass:/Script/Engine.StaticMeshActor Name:StaticMeshActor_9 Label:SM_Cube5 SpatiallyLoaded:1 Bounds:IsValid=true, Min=(X=-0.000 Y=30.000 Z=0.000), Max=(X=100.000 Y=6580.000 Z=400.000) RuntimeGrid:None EditorOnly:0 RuntimeOnly:0 HLODRelevant:1 ListedInSceneOutliner:1 IsMainWorldOnly:0 FolderPath:Playground FolderGuid:6C02BB504B69D1F3D7A624B130C18E5B
 |   |   |- Guid:90B7B8D3420C2EABA931D3A6A69DF696 BaseClass: NativeClass:/Script/Engine.StaticMeshActor Name:StaticMeshActor_3 Label:SM_Cube2 SpatiallyLoaded:1 Bounds:IsValid=true, Min=(X=0.000 Y=0.000 Z=0.000), Max=(X=3000.000 Y=100.000 Z=400.000) RuntimeGrid:None EditorOnly:0 RuntimeOnly:0 HLODRelevant:1 ListedInSceneOutliner:1 IsMainWorldOnly:0 FolderPath:Playground FolderGuid:6C02BB504B69D1F3D7A624B130C18E5B
 |   |   |- Guid:94BCAD16455C14D7008CA582C4D99A16 BaseClass:/Game/Blueprints/BP_EnemySpawner.BP_EnemySpawner_C NativeClass:/Script/Engine.Actor Name:BP_EnemySpawner_C_UAID_7085C22C68EBBDF601_1575172199 Label:BP_EnemySpawner SpatiallyLoaded:1 Bounds:IsValid=true, Min=(X=2140.000 Y=5350.000 Z=0.000), Max=(X=2140.000 Y=5350.000 Z=0.000) RuntimeGrid:None EditorOnly:0 RuntimeOnly:0 HLODRelevant:0 ListedInSceneOutliner:1 IsMainWorldOnly:0
 |   |   |- Guid:A354B1B24E617A525DC6B48CCDE2417E BaseClass: NativeClass:/Script/Engine.PlayerStart Name:PlayerStart_0 Label:PlayerStart SpatiallyLoaded:0 Bounds:IsValid=true, Min=(X=1450.000 Y=390.000 Z=0.013), Max=(X=1530.000 Y=470.000 Z=184.013) RuntimeGrid:None EditorOnly:0 RuntimeOnly:0 HLODRelevant:0 ListedInSceneOutliner:1 IsMainWorldOnly:0
 |   |   |- Guid:AD759C8E411D94A019CCE695E136E204 BaseClass:/Game/BP_Pig.BP_Pig_C NativeClass:/Script/Engine.Character Name:BP_Pig_C_UAID_7085C22C68EB5AF301_1293750608 Label:BP_Pig SpatiallyLoaded:1 Bounds:IsValid=true, Min=(X=2188.256 Y=643.772 Z=-2.659), Max=(X=2388.787 Y=714.626 Z=176.000) RuntimeGrid:None EditorOnly:0 RuntimeOnly:0 HLODRelevant:0 ListedInSceneOutliner:1 IsMainWorldOnly:0
 |   |   |- Guid:BEC6BC6D4D2224CB7BD008B755B5B282 BaseClass:/Game/Blueprints/BP_EnemyAI.BP_EnemyAI_C NativeClass:/Script/Engine.Character Name:BP_EnemyAI_C_UAID_7085C22C68EB6AF301_1221869425 Label:BP_EnemyAI SpatiallyLoaded:1 Bounds:IsValid=true, Min=(X=1346.232 Y=5216.232 Z=10.000), Max=(X=1693.768 Y=5563.768 Z=210.500) RuntimeGrid:None EditorOnly:0 RuntimeOnly:0 HLODRelevant:0 ListedInSceneOutliner:1 IsMainWorldOnly:0
 |   |   |- Guid:BF864F5649ECC425486FB2B626CE4CEF BaseClass: NativeClass:/Script/Engine.AmbientSound Name:AmbientSound_UAID_7085C22C68EB92F501_1582979575 Label:Exoplanet SpatiallyLoaded:1 Bounds:IsValid=true, Min=(X=1450.000 Y=1570.000 Z=0.000), Max=(X=1450.000 Y=1570.000 Z=0.000) RuntimeGrid:None EditorOnly:0 RuntimeOnly:0 HLODRelevant:0 ListedInSceneOutliner:1 IsMainWorldOnly:0
 |   |   |- Guid:C0C56B9644AE3D40CAFF6A878DB29844 BaseClass: NativeClass:/Script/Engine.StaticMeshActor Name:StaticMeshActor_UAID_A4AE111137DC5EFB00_2001720423 Label:SM_SkySphere SpatiallyLoaded:0 Bounds:IsValid=true, Min=(X=-1638400.000 Y=-1638400.000 Z=-1638400.000), Max=(X=1638400.000 Y=1638400.000 Z=1638400.000) RuntimeGrid:None EditorOnly:0 RuntimeOnly:0 HLODRelevant:1 ListedInSceneOutliner:1 IsMainWorldOnly:0 FolderPath:Lighting FolderGuid:0BA5F0A04EADB18E70D5B180D08FA34B
 |   |   |- Guid:C22CE07C4B87D685137FDBBC10FC92C6 BaseClass: NativeClass:/Script/Engine.SkyAtmosphere Name:SkyAtmosphere_0 Label:SkyAtmosphere SpatiallyLoaded:0 Bounds:IsValid=true, Min=(X=0.000 Y=0.000 Z=1020.000), Max=(X=0.000 Y=0.000 Z=1020.000) RuntimeGrid:None EditorOnly:0 RuntimeOnly:0 HLODRelevant:0 ListedInSceneOutliner:1 IsMainWorldOnly:0 FolderPath:Lighting FolderGuid:0BA5F0A04EADB18E70D5B180D08FA34B
 |   |   |- Guid:CE8D82634660FCDB3120E2B8D547C533 BaseClass: NativeClass:/Script/Engine.PostProcessVolume Name:PostProcessVolume_0 Label:PostProcessVolume SpatiallyLoaded:0 Bounds:IsValid=true, Min=(X=0.000 Y=0.000 Z=400.000), Max=(X=200.000 Y=200.000 Z=600.000) RuntimeGrid:None EditorOnly:0 RuntimeOnly:0 HLODRelevant:0 ListedInSceneOutliner:1 IsMainWorldOnly:0 FolderPath:Lighting FolderGuid:0BA5F0A04EADB18E70D5B180D08FA34B
 |   |   |- Guid:D02B11174B69A4929963ED8DC2FBA446 BaseClass: NativeClass:/Script/NavigationSystem.NavMeshBoundsVolume Name:NavMeshBoundsVolume_UAID_7085C22C68EB8AF501_1969222168 Label:NavMeshBoundsVolumePatrolSaucer SpatiallyLoaded:0 Bounds:IsValid=true, Min=(X=-3640.000 Y=-3310.000 Z=-4920.000), Max=(X=6360.000 Y=6690.000 Z=5080.000) RuntimeGrid:None EditorOnly:0 RuntimeOnly:0 HLODRelevant:0 ListedInSceneOutliner:1 IsMainWorldOnly:0
 |   |   |- Guid:D06B7D474CDCEBD2EF4D24B65EBF73B0 BaseClass: NativeClass:/Script/Engine.DecalActor Name:DecalActor_UAID_30F6EF30C20750F401_1932945905 Label:MI_Horse_Manure_wiylaiun_2K3 SpatiallyLoaded:1 Bounds:IsValid=true, Min=(X=1294.000 Y=1634.000 Z=-128.000), Max=(X=1806.000 Y=2146.000 Z=128.000) RuntimeGrid:None EditorOnly:0 RuntimeOnly:0 HLODRelevant:0 ListedInSceneOutliner:1 IsMainWorldOnly:0
 |   |   |- Guid:D2067254494AE9542B21E190B02D0797 BaseClass: NativeClass:/Script/Engine.DecalActor Name:DecalActor_UAID_30F6EF30C20750F401_1971100906 Label:MI_Horse_Manure_wiylaiun_2K4 SpatiallyLoaded:1 Bounds:IsValid=true, Min=(X=644.000 Y=2044.000 Z=-128.000), Max=(X=1156.000 Y=2556.000 Z=128.000) RuntimeGrid:None EditorOnly:0 RuntimeOnly:0 HLODRelevant:0 ListedInSceneOutliner:1 IsMainWorldOnly:0
 |   |   |- Guid:E5320C1B4FD9764CE7B54D8487AEC613 BaseClass: NativeClass:/Script/Engine.SkyLight Name:SkyLight_0 Label:SkyLight SpatiallyLoaded:0 Bounds:IsValid=true, Min=(X=0.000 Y=0.000 Z=690.000), Max=(X=0.000 Y=0.000 Z=690.000) RuntimeGrid:None EditorOnly:0 RuntimeOnly:0 HLODRelevant:0 ListedInSceneOutliner:1 IsMainWorldOnly:0 FolderPath:Lighting FolderGuid:0BA5F0A04EADB18E70D5B180D08FA34B
 |   |   |- Guid:EE66F4454A4A9F99393F559AB739C05E BaseClass:/Game/FirstPerson/Blueprints/BP_Pickup_Rifle.BP_Pickup_Rifle_C NativeClass:/Script/Engine.Actor Name:BP_Rifle_C_1 Label:BP_Pickup_Rifle SpatiallyLoaded:1 Bounds:IsValid=true, Min=(X=1438.000 Y=738.000 Z=64.000), Max=(X=1527.440 Y=802.000 Z=128.000) RuntimeGrid:None EditorOnly:0 RuntimeOnly:0 HLODRelevant:0 ListedInSceneOutliner:1 IsMainWorldOnly:0
 |   |   |- Guid:F07F1AF64C7C7C238EE1B4BF8C122DD8 BaseClass: NativeClass:/Script/Engine.StaticMeshActor Name:StaticMeshActor_4 Label:SM_Cube3 SpatiallyLoaded:1 Bounds:IsValid=true, Min=(X=0.000 Y=6490.000 Z=0.000), Max=(X=3000.000 Y=6590.000 Z=400.000) RuntimeGrid:None EditorOnly:0 RuntimeOnly:0 HLODRelevant:1 ListedInSceneOutliner:1 IsMainWorldOnly:0 FolderPath:Playground FolderGuid:6C02BB504B69D1F3D7A624B130C18E5B
 |   |   |- Guid:F80621C9446867154938FE81375207DA BaseClass: NativeClass:/Script/Engine.DirectionalLight Name:DirectionalLight_1 Label:DirectionalLight SpatiallyLoaded:0 Bounds:IsValid=true, Min=(X=-1048576.000 Y=-1048576.000 Z=-1048576.000), Max=(X=1048576.000 Y=1048576.000 Z=1048576.000) RuntimeGrid:None EditorOnly:0 RuntimeOnly:0 HLODRelevant:0 ListedInSceneOutliner:1 IsMainWorldOnly:0 FolderPath:Lighting FolderGuid:0BA5F0A04EADB18E70D5B180D08FA34B
 |   |   |- Guid:FC843F9A4E9A50B46862509F9F19EFFA BaseClass: NativeClass:/Script/Engine.StaticMeshActor Name:StaticMeshActor_UAID_30F6EF30C20751F401_1379420085 Label:S_Rusty_Metal_Tub_ukqkecpbw_lod3_Var2 SpatiallyLoaded:1 Bounds:IsValid=true, Min=(X=2021.952 Y=333.908 Z=-0.545), Max=(X=2118.511 Y=406.178 Z=40.529) RuntimeGrid:None EditorOnly:0 RuntimeOnly:0 HLODRelevant:1 ListedInSceneOutliner:1 IsMainWorldOnly:0
 |   |- [+] Clusters:
 |   |   |- [+] [  0]
 |   |   |   |- Guid:0615E3BB439A6F034207C8B130BA5822 BaseClass: NativeClass:/Script/NavigationSystem.NavMeshBoundsVolume Name:NavMeshBoundsVolume_UAID_7085C22C68EB69F301_1713099248 Label:NavMeshBoundsVolumeSaucer SpatiallyLoaded:0 Bounds:IsValid=true, Min=(X=-495.000 Y=-1065.000 Z=-980.000), Max=(X=6055.000 Y=7185.000 Z=1620.000) RuntimeGrid:None EditorOnly:0 RuntimeOnly:0 HLODRelevant:0 ListedInSceneOutliner:1 IsMainWorldOnly:0
 |   |   |- [+] [  1]
 |   |   |   |- Guid:0A7F00C840824134F071E4BB8D05D830 BaseClass: NativeClass:/Script/NavigationSystem.NavMeshBoundsVolume Name:NavMeshBoundsVolume_UAID_7085C22C68EB5AF301_1353301609 Label:NavMeshBoundsVolumePig SpatiallyLoaded:0 Bounds:IsValid=true, Min=(X=-3500.000 Y=-825.000 Z=-4780.000), Max=(X=6500.000 Y=2025.000 Z=5220.000) RuntimeGrid:None EditorOnly:0 RuntimeOnly:0 HLODRelevant:0 ListedInSceneOutliner:1 IsMainWorldOnly:0
 |   |   |- [+] [  2]
 |   |   |   |- Guid:0EDB289B45CB7E0977A6DBA74201EE76 BaseClass: NativeClass:/Script/Engine.StaticMeshActor Name:StaticMeshActor_10 Label:SM_Cube6 SpatiallyLoaded:1 Bounds:IsValid=true, Min=(X=2900.000 Y=100.000 Z=0.000), Max=(X=3000.000 Y=6550.000 Z=400.000) RuntimeGrid:None EditorOnly:0 RuntimeOnly:0 HLODRelevant:1 ListedInSceneOutliner:1 IsMainWorldOnly:0 FolderPath:Playground FolderGuid:6C02BB504B69D1F3D7A624B130C18E5B
 |   |   |- [+] [  3]
 |   |   |   |- Guid:14260BB94F573846C8EB9B88D324673D BaseClass: NativeClass:/Script/Engine.DecalActor Name:DecalActor_UAID_30F6EF30C20750F401_1878287903 Label:MI_Horse_Manure_wiylaiun_2K SpatiallyLoaded:1 Bounds:IsValid=true, Min=(X=94.000 Y=1304.000 Z=-128.000), Max=(X=606.000 Y=1816.000 Z=128.000) RuntimeGrid:None EditorOnly:0 RuntimeOnly:0 HLODRelevant:0 ListedInSceneOutliner:1 IsMainWorldOnly:0
 |   |   |- [+] [  4]
 |   |   |   |- Guid:21262252453B37957EF29F82ABA2413B BaseClass: NativeClass:/Script/Engine.TextRenderActor Name:TextRenderActor_1 Label:TextRenderActor SpatiallyLoaded:1 Bounds:IsValid=true, Min=(X=-0.100 Y=1100.000 Z=65.013), Max=(X=-0.100 Y=2363.461 Z=215.013) RuntimeGrid:None EditorOnly:0 RuntimeOnly:0 HLODRelevant:0 ListedInSceneOutliner:1 IsMainWorldOnly:0
 |   |   |- [+] [  5]
 |   |   |   |- Guid:3A36F8BC4765F96A158B2C9E68CDE9A0 BaseClass: NativeClass:/Script/Engine.DecalActor Name:DecalActor_UAID_30F6EF30C20750F401_1904299904 Label:MI_Horse_Manure_wiylaiun_2K2 SpatiallyLoaded:1 Bounds:IsValid=true, Min=(X=2194.000 Y=854.000 Z=-128.000), Max=(X=2706.000 Y=1366.000 Z=128.000) RuntimeGrid:None EditorOnly:0 RuntimeOnly:0 HLODRelevant:0 ListedInSceneOutliner:1 IsMainWorldOnly:0
 |   |   |- [+] [  6]
 |   |   |   |- Guid:3C0C04FD41D7456C4CA359BF37EBA855 BaseClass: NativeClass:/Script/Engine.DecalActor Name:DecalActor_UAID_30F6EF30C20750F401_1983603907 Label:MI_Horse_Manure_wiylaiun_2K5 SpatiallyLoaded:1 Bounds:IsValid=true, Min=(X=1934.000 Y=2254.000 Z=-128.000), Max=(X=2446.000 Y=2766.000 Z=128.000) RuntimeGrid:None EditorOnly:0 RuntimeOnly:0 HLODRelevant:0 ListedInSceneOutliner:1 IsMainWorldOnly:0
 |   |   |- [+] [  7]
 |   |   |   |- Guid:41435C294C61305C0436D99BCCEA48C3 BaseClass: NativeClass:/Script/Engine.StaticMeshActor Name:StaticMeshActor_UAID_30F6EF30C20751F401_1352364084 Label:S_Rusty_Metal_Tub_ukqkecpbw_lod3_Var1 SpatiallyLoaded:1 Bounds:IsValid=true, Min=(X=291.952 Y=3013.908 Z=-0.545), Max=(X=388.511 Y=3086.178 Z=40.529) RuntimeGrid:None EditorOnly:0 RuntimeOnly:0 HLODRelevant:1 ListedInSceneOutliner:1 IsMainWorldOnly:0
 |   |   |- [+] [  8]
 |   |   |   |- Guid:5FE7584649BB6F09265329A6C57CFD0D BaseClass: NativeClass:/Script/Engine.VolumetricCloud Name:VolumetricCloud_0 Label:VolumetricCloud SpatiallyLoaded:0 Bounds:IsValid=true, Min=(X=0.000 Y=0.000 Z=820.000), Max=(X=0.000 Y=0.000 Z=820.000) RuntimeGrid:None EditorOnly:0 RuntimeOnly:0 HLODRelevant:0 ListedInSceneOutliner:1 IsMainWorldOnly:0 FolderPath:Lighting FolderGuid:0BA5F0A04EADB18E70D5B180D08FA34B
 |   |   |- [+] [  9]
 |   |   |   |- Guid:61391D344900612A77DFC3BA3E354907 BaseClass: NativeClass:/Script/Engine.ExponentialHeightFog Name:ExponentialHeightFog_0 Label:ExponentialHeightFog SpatiallyLoaded:0 Bounds:IsValid=true, Min=(X=-5600.000 Y=-50.000 Z=-6850.000), Max=(X=-5600.000 Y=-50.000 Z=-6850.000) RuntimeGrid:None EditorOnly:0 RuntimeOnly:0 HLODRelevant:0 ListedInSceneOutliner:1 IsMainWorldOnly:0 FolderPath:Lighting FolderGuid:0BA5F0A04EADB18E70D5B180D08FA34B
 |   |   |- [+] [ 10]
 |   |   |   |- Guid:63290CB94F94C3BCEB6E36B26948B9E8 BaseClass: NativeClass:/Script/Engine.TriggerBox Name:TriggerBox_UAID_30F6EF30C20735F101_2109122983 Label:TriggerBox SpatiallyLoaded:1 Bounds:IsValid=true, Min=(X=-620.000 Y=-1640.000 Z=-570.000), Max=(X=7380.000 Y=6360.000 Z=-490.000) RuntimeGrid:None EditorOnly:0 RuntimeOnly:0 HLODRelevant:0 ListedInSceneOutliner:1 IsMainWorldOnly:0
 |   |   |- [+] [ 11]
 |   |   |   |- Guid:6FEFB3BD4EB37B849EF0D4AC80F83855 BaseClass: NativeClass:/Script/Engine.WorldDataLayers Name:WorldDataLayers Label:WorldDataLayers SpatiallyLoaded:0 Bounds:IsValid=true, Min=(X=0.000 Y=0.000 Z=0.000), Max=(X=0.000 Y=0.000 Z=0.000) RuntimeGrid:None EditorOnly:0 RuntimeOnly:0 HLODRelevant:0 ListedInSceneOutliner:1 IsMainWorldOnly:1
 |   |   |- [+] [ 12]
 |   |   |   |- Guid:72979D714746920CEC437888E4DE4372 BaseClass: NativeClass:/Script/NavigationSystem.RecastNavMesh Name:RecastNavMesh_UAID_7085C22C68EB5AF301-Default Label:RecastNavMesh-Default SpatiallyLoaded:0 Bounds:IsValid=true, Min=(X=0.000 Y=0.000 Z=0.000), Max=(X=0.000 Y=0.000 Z=0.000) RuntimeGrid:None EditorOnly:0 RuntimeOnly:0 HLODRelevant:0 ListedInSceneOutliner:1 IsMainWorldOnly:0
 |   |   |- [+] [ 13]
 |   |   |   |- Guid:78CAF7514C7533F30BD2F19A017AAB65 BaseClass: NativeClass:/Script/Engine.StaticMeshActor Name:StaticMeshActor_0 Label:SM_Cube SpatiallyLoaded:1 Bounds:IsValid=true, Min=(X=0.000 Y=0.000 Z=-50.000), Max=(X=3000.000 Y=6600.000 Z=0.000) RuntimeGrid:None EditorOnly:0 RuntimeOnly:0 HLODRelevant:1 ListedInSceneOutliner:1 IsMainWorldOnly:0 FolderPath:Playground FolderGuid:6C02BB504B69D1F3D7A624B130C18E5B
 |   |   |- [+] [ 14]
 |   |   |   |- Guid:8559D1384B14F466E8927697A36C1D78 BaseClass: NativeClass:/Script/Engine.StaticMeshActor Name:StaticMeshActor_9 Label:SM_Cube5 SpatiallyLoaded:1 Bounds:IsValid=true, Min=(X=-0.000 Y=30.000 Z=0.000), Max=(X=100.000 Y=6580.000 Z=400.000) RuntimeGrid:None EditorOnly:0 RuntimeOnly:0 HLODRelevant:1 ListedInSceneOutliner:1 IsMainWorldOnly:0 FolderPath:Playground FolderGuid:6C02BB504B69D1F3D7A624B130C18E5B
 |   |   |- [+] [ 15]
 |   |   |   |- Guid:90B7B8D3420C2EABA931D3A6A69DF696 BaseClass: NativeClass:/Script/Engine.StaticMeshActor Name:StaticMeshActor_3 Label:SM_Cube2 SpatiallyLoaded:1 Bounds:IsValid=true, Min=(X=0.000 Y=0.000 Z=0.000), Max=(X=3000.000 Y=100.000 Z=400.000) RuntimeGrid:None EditorOnly:0 RuntimeOnly:0 HLODRelevant:1 ListedInSceneOutliner:1 IsMainWorldOnly:0 FolderPath:Playground FolderGuid:6C02BB504B69D1F3D7A624B130C18E5B
 |   |   |- [+] [ 16]
 |   |   |   |- Guid:94BCAD16455C14D7008CA582C4D99A16 BaseClass:/Game/Blueprints/BP_EnemySpawner.BP_EnemySpawner_C NativeClass:/Script/Engine.Actor Name:BP_EnemySpawner_C_UAID_7085C22C68EBBDF601_1575172199 Label:BP_EnemySpawner SpatiallyLoaded:1 Bounds:IsValid=true, Min=(X=2140.000 Y=5350.000 Z=0.000), Max=(X=2140.000 Y=5350.000 Z=0.000) RuntimeGrid:None EditorOnly:0 RuntimeOnly:0 HLODRelevant:0 ListedInSceneOutliner:1 IsMainWorldOnly:0
 |   |   |- [+] [ 17]
 |   |   |   |- Guid:A354B1B24E617A525DC6B48CCDE2417E BaseClass: NativeClass:/Script/Engine.PlayerStart Name:PlayerStart_0 Label:PlayerStart SpatiallyLoaded:0 Bounds:IsValid=true, Min=(X=1450.000 Y=390.000 Z=0.013), Max=(X=1530.000 Y=470.000 Z=184.013) RuntimeGrid:None EditorOnly:0 RuntimeOnly:0 HLODRelevant:0 ListedInSceneOutliner:1 IsMainWorldOnly:0
 |   |   |- [+] [ 18]
 |   |   |   |- Guid:AD759C8E411D94A019CCE695E136E204 BaseClass:/Game/BP_Pig.BP_Pig_C NativeClass:/Script/Engine.Character Name:BP_Pig_C_UAID_7085C22C68EB5AF301_1293750608 Label:BP_Pig SpatiallyLoaded:1 Bounds:IsValid=true, Min=(X=2188.256 Y=643.772 Z=-2.659), Max=(X=2388.787 Y=714.626 Z=176.000) RuntimeGrid:None EditorOnly:0 RuntimeOnly:0 HLODRelevant:0 ListedInSceneOutliner:1 IsMainWorldOnly:0
 |   |   |- [+] [ 19]
 |   |   |   |- Guid:BEC6BC6D4D2224CB7BD008B755B5B282 BaseClass:/Game/Blueprints/BP_EnemyAI.BP_EnemyAI_C NativeClass:/Script/Engine.Character Name:BP_EnemyAI_C_UAID_7085C22C68EB6AF301_1221869425 Label:BP_EnemyAI SpatiallyLoaded:1 Bounds:IsValid=true, Min=(X=1346.232 Y=5216.232 Z=10.000), Max=(X=1693.768 Y=5563.768 Z=210.500) RuntimeGrid:None EditorOnly:0 RuntimeOnly:0 HLODRelevant:0 ListedInSceneOutliner:1 IsMainWorldOnly:0
 |   |   |- [+] [ 20]
 |   |   |   |- Guid:BF864F5649ECC425486FB2B626CE4CEF BaseClass: NativeClass:/Script/Engine.AmbientSound Name:AmbientSound_UAID_7085C22C68EB92F501_1582979575 Label:Exoplanet SpatiallyLoaded:1 Bounds:IsValid=true, Min=(X=1450.000 Y=1570.000 Z=0.000), Max=(X=1450.000 Y=1570.000 Z=0.000) RuntimeGrid:None EditorOnly:0 RuntimeOnly:0 HLODRelevant:0 ListedInSceneOutliner:1 IsMainWorldOnly:0
 |   |   |- [+] [ 21]
 |   |   |   |- Guid:C0C56B9644AE3D40CAFF6A878DB29844 BaseClass: NativeClass:/Script/Engine.StaticMeshActor Name:StaticMeshActor_UAID_A4AE111137DC5EFB00_2001720423 Label:SM_SkySphere SpatiallyLoaded:0 Bounds:IsValid=true, Min=(X=-1638400.000 Y=-1638400.000 Z=-1638400.000), Max=(X=1638400.000 Y=1638400.000 Z=1638400.000) RuntimeGrid:None EditorOnly:0 RuntimeOnly:0 HLODRelevant:1 ListedInSceneOutliner:1 IsMainWorldOnly:0 FolderPath:Lighting FolderGuid:0BA5F0A04EADB18E70D5B180D08FA34B
 |   |   |- [+] [ 22]
 |   |   |   |- Guid:C22CE07C4B87D685137FDBBC10FC92C6 BaseClass: NativeClass:/Script/Engine.SkyAtmosphere Name:SkyAtmosphere_0 Label:SkyAtmosphere SpatiallyLoaded:0 Bounds:IsValid=true, Min=(X=0.000 Y=0.000 Z=1020.000), Max=(X=0.000 Y=0.000 Z=1020.000) RuntimeGrid:None EditorOnly:0 RuntimeOnly:0 HLODRelevant:0 ListedInSceneOutliner:1 IsMainWorldOnly:0 FolderPath:Lighting FolderGuid:0BA5F0A04EADB18E70D5B180D08FA34B
 |   |   |- [+] [ 23]
 |   |   |   |- Guid:CE8D82634660FCDB3120E2B8D547C533 BaseClass: NativeClass:/Script/Engine.PostProcessVolume Name:PostProcessVolume_0 Label:PostProcessVolume SpatiallyLoaded:0 Bounds:IsValid=true, Min=(X=0.000 Y=0.000 Z=400.000), Max=(X=200.000 Y=200.000 Z=600.000) RuntimeGrid:None EditorOnly:0 RuntimeOnly:0 HLODRelevant:0 ListedInSceneOutliner:1 IsMainWorldOnly:0 FolderPath:Lighting FolderGuid:0BA5F0A04EADB18E70D5B180D08FA34B
 |   |   |- [+] [ 24]
 |   |   |   |- Guid:D02B11174B69A4929963ED8DC2FBA446 BaseClass: NativeClass:/Script/NavigationSystem.NavMeshBoundsVolume Name:NavMeshBoundsVolume_UAID_7085C22C68EB8AF501_1969222168 Label:NavMeshBoundsVolumePatrolSaucer SpatiallyLoaded:0 Bounds:IsValid=true, Min=(X=-3640.000 Y=-3310.000 Z=-4920.000), Max=(X=6360.000 Y=6690.000 Z=5080.000) RuntimeGrid:None EditorOnly:0 RuntimeOnly:0 HLODRelevant:0 ListedInSceneOutliner:1 IsMainWorldOnly:0
 |   |   |- [+] [ 25]
 |   |   |   |- Guid:D06B7D474CDCEBD2EF4D24B65EBF73B0 BaseClass: NativeClass:/Script/Engine.DecalActor Name:DecalActor_UAID_30F6EF30C20750F401_1932945905 Label:MI_Horse_Manure_wiylaiun_2K3 SpatiallyLoaded:1 Bounds:IsValid=true, Min=(X=1294.000 Y=1634.000 Z=-128.000), Max=(X=1806.000 Y=2146.000 Z=128.000) RuntimeGrid:None EditorOnly:0 RuntimeOnly:0 HLODRelevant:0 ListedInSceneOutliner:1 IsMainWorldOnly:0
 |   |   |- [+] [ 26]
 |   |   |   |- Guid:D2067254494AE9542B21E190B02D0797 BaseClass: NativeClass:/Script/Engine.DecalActor Name:DecalActor_UAID_30F6EF30C20750F401_1971100906 Label:MI_Horse_Manure_wiylaiun_2K4 SpatiallyLoaded:1 Bounds:IsValid=true, Min=(X=644.000 Y=2044.000 Z=-128.000), Max=(X=1156.000 Y=2556.000 Z=128.000) RuntimeGrid:None EditorOnly:0 RuntimeOnly:0 HLODRelevant:0 ListedInSceneOutliner:1 IsMainWorldOnly:0
 |   |   |- [+] [ 27]
 |   |   |   |- Guid:E5320C1B4FD9764CE7B54D8487AEC613 BaseClass: NativeClass:/Script/Engine.SkyLight Name:SkyLight_0 Label:SkyLight SpatiallyLoaded:0 Bounds:IsValid=true, Min=(X=0.000 Y=0.000 Z=690.000), Max=(X=0.000 Y=0.000 Z=690.000) RuntimeGrid:None EditorOnly:0 RuntimeOnly:0 HLODRelevant:0 ListedInSceneOutliner:1 IsMainWorldOnly:0 FolderPath:Lighting FolderGuid:0BA5F0A04EADB18E70D5B180D08FA34B
 |   |   |- [+] [ 28]
 |   |   |   |- Guid:EE66F4454A4A9F99393F559AB739C05E BaseClass:/Game/FirstPerson/Blueprints/BP_Pickup_Rifle.BP_Pickup_Rifle_C NativeClass:/Script/Engine.Actor Name:BP_Rifle_C_1 Label:BP_Pickup_Rifle SpatiallyLoaded:1 Bounds:IsValid=true, Min=(X=1438.000 Y=738.000 Z=64.000), Max=(X=1527.440 Y=802.000 Z=128.000) RuntimeGrid:None EditorOnly:0 RuntimeOnly:0 HLODRelevant:0 ListedInSceneOutliner:1 IsMainWorldOnly:0
 |   |   |- [+] [ 29]
 |   |   |   |- Guid:F07F1AF64C7C7C238EE1B4BF8C122DD8 BaseClass: NativeClass:/Script/Engine.StaticMeshActor Name:StaticMeshActor_4 Label:SM_Cube3 SpatiallyLoaded:1 Bounds:IsValid=true, Min=(X=0.000 Y=6490.000 Z=0.000), Max=(X=3000.000 Y=6590.000 Z=400.000) RuntimeGrid:None EditorOnly:0 RuntimeOnly:0 HLODRelevant:1 ListedInSceneOutliner:1 IsMainWorldOnly:0 FolderPath:Playground FolderGuid:6C02BB504B69D1F3D7A624B130C18E5B
 |   |   |- [+] [ 30]
 |   |   |   |- Guid:F80621C9446867154938FE81375207DA BaseClass: NativeClass:/Script/Engine.DirectionalLight Name:DirectionalLight_1 Label:DirectionalLight SpatiallyLoaded:0 Bounds:IsValid=true, Min=(X=-1048576.000 Y=-1048576.000 Z=-1048576.000), Max=(X=1048576.000 Y=1048576.000 Z=1048576.000) RuntimeGrid:None EditorOnly:0 RuntimeOnly:0 HLODRelevant:0 ListedInSceneOutliner:1 IsMainWorldOnly:0 FolderPath:Lighting FolderGuid:0BA5F0A04EADB18E70D5B180D08FA34B
 |   |   |- [+] [ 31]
 |   |   |   |- Guid:FC843F9A4E9A50B46862509F9F19EFFA BaseClass: NativeClass:/Script/Engine.StaticMeshActor Name:StaticMeshActor_UAID_30F6EF30C20751F401_1379420085 Label:S_Rusty_Metal_Tub_ukqkecpbw_lod3_Var2 SpatiallyLoaded:1 Bounds:IsValid=true, Min=(X=2021.952 Y=333.908 Z=-0.545), Max=(X=2118.511 Y=406.178 Z=40.529) RuntimeGrid:None EditorOnly:0 RuntimeOnly:0 HLODRelevant:1 ListedInSceneOutliner:1 IsMainWorldOnly:0
 |- ContainerInstances:
 |- [+] MainContainer:
 |   |-        ID: 00000000000000000000000000000000
 |   |-  ParentID: 00000000000000000000000000000000
 |   |-    Bounds: IsValid=false, Min=(X=0.000 Y=0.000 Z=0.000), Max=(X=0.000 Y=0.000 Z=0.000)
 |   |- Transform: 0.000000,0.000000,0.000000|0.000000,0.000000,-0.000000|1.000000,1.000000,1.000000
 |   |- Container: /Game/FirstPerson/Maps/FirstPersonMap
----------------------------------------------------------------------------------------------------------------
FirstPersonMap - Persistent Level
----------------------------------------------------------------------------------------------------------------
[+] Content of FirstPersonMap Persistent Level
 |- Always loaded Actor Count: 39 
 |- Actor Path: /Game/FirstPerson/Maps/FirstPersonMap.FirstPersonMap:PersistentLevel.AbstractNavData-Default
 |- Actor Package: /Game/FirstPerson/Maps/FirstPersonMap
 |- Actor Path: /Game/FirstPerson/Maps/FirstPersonMap.FirstPersonMap:PersistentLevel.AmbientSound_UAID_7085C22C68EB92F501_1582979575
 |- Actor Package: /Game/__ExternalActors__/FirstPerson/Maps/FirstPersonMap/E/P9/U0MMXUBR1MO3RX2QGX52CT
 |- Actor Path: /Game/FirstPerson/Maps/FirstPersonMap.FirstPersonMap:PersistentLevel.BP_EnemyAI_C_UAID_7085C22C68EB6AF301_1221869425
 |- Actor Package: /Game/__ExternalActors__/FirstPerson/Maps/FirstPersonMap/D/58/682BGS4P3GVFI3ZGOJO7HA
 |- Actor Path: /Game/FirstPerson/Maps/FirstPersonMap.FirstPersonMap:PersistentLevel.BP_EnemySpawner_C_UAID_7085C22C68EBBDF601_1575172199
 |- Actor Package: /Game/__ExternalActors__/FirstPerson/Maps/FirstPersonMap/0/P5/2BY4M99PP8T0YGKXT2JF38
 |- Actor Path: /Game/FirstPerson/Maps/FirstPersonMap.FirstPersonMap:PersistentLevel.BP_Pig_C_UAID_7085C22C68EB5AF301_1293750608
 |- Actor Package: /Game/__ExternalActors__/FirstPerson/Maps/FirstPersonMap/2/K7/DMPIQXM1DH6NB57X83YFCL
 |- Actor Path: /Game/FirstPerson/Maps/FirstPersonMap.FirstPersonMap:PersistentLevel.BP_Rifle_C_1
 |- Actor Package: /Game/__ExternalActors__/FirstPerson/Maps/FirstPersonMap/5/8C/EAHCBN229IT8APJO305AH5
 |- Actor Path: /Game/FirstPerson/Maps/FirstPersonMap.FirstPersonMap:PersistentLevel.Brush_0
 |- Actor Package: /Game/FirstPerson/Maps/FirstPersonMap
 |- Actor Path: /Game/FirstPerson/Maps/FirstPersonMap.FirstPersonMap:PersistentLevel.DecalActor_UAID_30F6EF30C20750F401_1878287903
 |- Actor Package: /Game/__ExternalActors__/FirstPerson/Maps/FirstPersonMap/1/SC/7HOKKXXR4H58US4ISHZ8MY
 |- Actor Path: /Game/FirstPerson/Maps/FirstPersonMap.FirstPersonMap:PersistentLevel.DecalActor_UAID_30F6EF30C20750F401_1904299904
 |- Actor Package: /Game/__ExternalActors__/FirstPerson/Maps/FirstPersonMap/E/14/40VFK2HVJAOP6Q88AS2EV1
 |- Actor Path: /Game/FirstPerson/Maps/FirstPersonMap.FirstPersonMap:PersistentLevel.DecalActor_UAID_30F6EF30C20750F401_1932945905
 |- Actor Package: /Game/__ExternalActors__/FirstPerson/Maps/FirstPersonMap/3/YV/5L8183QNSG8JDGT08D2EIY
 |- Actor Path: /Game/FirstPerson/Maps/FirstPersonMap.FirstPersonMap:PersistentLevel.DecalActor_UAID_30F6EF30C20750F401_1971100906
 |- Actor Package: /Game/__ExternalActors__/FirstPerson/Maps/FirstPersonMap/B/U4/G5EJE6M9HUIC2JYDL8ARWB
 |- Actor Path: /Game/FirstPerson/Maps/FirstPersonMap.FirstPersonMap:PersistentLevel.DecalActor_UAID_30F6EF30C20750F401_1983603907
 |- Actor Package: /Game/__ExternalActors__/FirstPerson/Maps/FirstPersonMap/4/8A/U9RLEJJMJ76W57ACDOYCTS
 |- Actor Path: /Game/FirstPerson/Maps/FirstPersonMap.FirstPersonMap:PersistentLevel.DefaultPhysicsVolume_0
 |- Actor Package: /Game/FirstPerson/Maps/FirstPersonMap
 |- Actor Path: /Game/FirstPerson/Maps/FirstPersonMap.FirstPersonMap:PersistentLevel.DirectionalLight_1
 |- Actor Package: /Game/__ExternalActors__/FirstPerson/Maps/FirstPersonMap/0/WB/V4ALNTJYOVWM8BU452CKV5
 |- Actor Path: /Game/FirstPerson/Maps/FirstPersonMap.FirstPersonMap:PersistentLevel.ExponentialHeightFog_0
 |- Actor Package: /Game/__ExternalActors__/FirstPerson/Maps/FirstPersonMap/0/CL/381LM03PFI8AF9NED1SEV2
 |- Actor Path: /Game/FirstPerson/Maps/FirstPersonMap.FirstPersonMap:PersistentLevel.FirstPersonMap_C_0
 |- Actor Package: /Game/FirstPerson/Maps/FirstPersonMap
 |- Actor Path: /Game/FirstPerson/Maps/FirstPersonMap.FirstPersonMap:PersistentLevel.GameplayDebuggerPlayerManager_0
 |- Actor Package: /Game/FirstPerson/Maps/FirstPersonMap
 |- Actor Path: /Game/FirstPerson/Maps/FirstPersonMap.FirstPersonMap:PersistentLevel.NavMeshBoundsVolume_UAID_7085C22C68EB5AF301_1353301609
 |- Actor Package: /Game/__ExternalActors__/FirstPerson/Maps/FirstPersonMap/4/NL/2YYXQJJSO2S6HS59E31W53
 |- Actor Path: /Game/FirstPerson/Maps/FirstPersonMap.FirstPersonMap:PersistentLevel.NavMeshBoundsVolume_UAID_7085C22C68EB69F301_1713099248
 |- Actor Package: /Game/__ExternalActors__/FirstPerson/Maps/FirstPersonMap/C/P7/GB195KOKA2DUS0T7EXBNSO
 |- Actor Path: /Game/FirstPerson/Maps/FirstPersonMap.FirstPersonMap:PersistentLevel.NavMeshBoundsVolume_UAID_7085C22C68EB8AF501_1969222168
 |- Actor Package: /Game/__ExternalActors__/FirstPerson/Maps/FirstPersonMap/2/DU/KLVBU8XHT9VDQ93DIAI8LA
 |- Actor Path: /Game/FirstPerson/Maps/FirstPersonMap.FirstPersonMap:PersistentLevel.PlayerStart_0
 |- Actor Package: /Game/__ExternalActors__/FirstPerson/Maps/FirstPersonMap/8/Z7/W1SXRCM1KAKBJOIZDLHZ47
 |- Actor Path: /Game/FirstPerson/Maps/FirstPersonMap.FirstPersonMap:PersistentLevel.PostProcessVolume_0
 |- Actor Package: /Game/__ExternalActors__/FirstPerson/Maps/FirstPersonMap/E/MX/R1GV431P5FDO08OFULRA01
 |- Actor Path: /Game/FirstPerson/Maps/FirstPersonMap.FirstPersonMap:PersistentLevel.RecastNavMesh_UAID_7085C22C68EB5AF301-Default
 |- Actor Package: /Game/__ExternalActors__/FirstPerson/Maps/FirstPersonMap/5/8H/IEPCRQFP7VW65ZF2U33JCC
 |- Actor Path: /Game/FirstPerson/Maps/FirstPersonMap.FirstPersonMap:PersistentLevel.SkyAtmosphere_0
 |- Actor Package: /Game/__ExternalActors__/FirstPerson/Maps/FirstPersonMap/C/VO/VMN4G7K3NKKV6F8HTPHHDB
 |- Actor Path: /Game/FirstPerson/Maps/FirstPersonMap.FirstPersonMap:PersistentLevel.SkyLight_0
 |- Actor Package: /Game/__ExternalActors__/FirstPerson/Maps/FirstPersonMap/6/0Z/5RQIHCZ9W3UXRGL4LTLQAK
 |- Actor Path: /Game/FirstPerson/Maps/FirstPersonMap.FirstPersonMap:PersistentLevel.StaticMeshActor_0
 |- Actor Package: /Game/__ExternalActors__/FirstPerson/Maps/FirstPersonMap/7/L5/1ZJ54FMA0DAL3I2Q8RFAIB
 |- Actor Path: /Game/FirstPerson/Maps/FirstPersonMap.FirstPersonMap:PersistentLevel.StaticMeshActor_3
 |- Actor Package: /Game/__ExternalActors__/FirstPerson/Maps/FirstPersonMap/3/AI/0XWE3RNM2XQC0ST1KXG02O
 |- Actor Path: /Game/FirstPerson/Maps/FirstPersonMap.FirstPersonMap:PersistentLevel.StaticMeshActor_4
 |- Actor Package: /Game/__ExternalActors__/FirstPerson/Maps/FirstPersonMap/6/AJ/2XZ3RUK0LFB63FVNQE7P5R
 |- Actor Path: /Game/FirstPerson/Maps/FirstPersonMap.FirstPersonMap:PersistentLevel.StaticMeshActor_9
 |- Actor Package: /Game/__ExternalActors__/FirstPerson/Maps/FirstPersonMap/E/UE/YUZ9741T50O1SYRX90OB0S
 |- Actor Path: /Game/FirstPerson/Maps/FirstPersonMap.FirstPersonMap:PersistentLevel.StaticMeshActor_10
 |- Actor Package: /Game/__ExternalActors__/FirstPerson/Maps/FirstPersonMap/A/XJ/HL558UUAGCS9HVVOI0S7PX
 |- Actor Path: /Game/FirstPerson/Maps/FirstPersonMap.FirstPersonMap:PersistentLevel.StaticMeshActor_UAID_30F6EF30C20751F401_1352364084
 |- Actor Package: /Game/__ExternalActors__/FirstPerson/Maps/FirstPersonMap/E/X2/Z0H599MYK1SDEU1L4G06R7
 |- Actor Path: /Game/FirstPerson/Maps/FirstPersonMap.FirstPersonMap:PersistentLevel.StaticMeshActor_UAID_30F6EF30C20751F401_1379420085
 |- Actor Package: /Game/__ExternalActors__/FirstPerson/Maps/FirstPersonMap/8/OZ/WOAWJY47QGN6G38PSAA61Y
 |- Actor Path: /Game/FirstPerson/Maps/FirstPersonMap.FirstPersonMap:PersistentLevel.StaticMeshActor_UAID_A4AE111137DC5EFB00_2001720423
 |- Actor Package: /Game/__ExternalActors__/FirstPerson/Maps/FirstPersonMap/C/ZU/PDQ0AB8RLNMVID876FD49G
 |- Actor Path: /Game/FirstPerson/Maps/FirstPersonMap.FirstPersonMap:PersistentLevel.TextRenderActor_1
 |- Actor Package: /Game/__ExternalActors__/FirstPerson/Maps/FirstPersonMap/1/RN/55P1SMQLAF7OK6300D5I8N
 |- Actor Path: /Game/FirstPerson/Maps/FirstPersonMap.FirstPersonMap:PersistentLevel.TriggerBox_UAID_30F6EF30C20735F101_2109122983
 |- Actor Package: /Game/__ExternalActors__/FirstPerson/Maps/FirstPersonMap/7/I4/7SEMYLJLWOPUW2NBXLOVQE
 |- Actor Path: /Game/FirstPerson/Maps/FirstPersonMap.FirstPersonMap:PersistentLevel.VolumetricCloud_0
 |- Actor Package: /Game/__ExternalActors__/FirstPerson/Maps/FirstPersonMap/0/GO/I8WEFD3RY9V3NVQLSU6QM4
 |- Actor Path: /Game/FirstPerson/Maps/FirstPersonMap.FirstPersonMap:PersistentLevel.WorldDataLayers
 |- Actor Package: /Game/__ExternalActors__/FirstPerson/Maps/FirstPersonMap/D/0W/E1FKEGVKGOLM7HGLQPCIPO
 |- Actor Path: /Game/FirstPerson/Maps/FirstPersonMap.FirstPersonMap:PersistentLevel.WorldInfo_0
 |- Actor Package: /Game/FirstPerson/Maps/FirstPersonMap
 |- Actor Path: /Game/FirstPerson/Maps/FirstPersonMap.FirstPersonMap:PersistentLevel.WorldPartitionMiniMap_0
 |- Actor Package: /Game/__ExternalActors__/FirstPerson/Maps/FirstPersonMap/4/CR/SRVPLA8UNZ8XIIP0E036DI

----------------------------------------------------------------------------------------------------------------
FirstPersonMap - Runtime Spatial Hash - Streaming Grid - MainGrid
----------------------------------------------------------------------------------------------------------------
            Origin: X=0.000 Y=0.000 Z=0.000
         Cell Size: 12800
      World Bounds: IsValid=false, Min=(X=0.000 Y=0.000 Z=0.000), Max=(X=0.000 Y=0.000 Z=0.000)
     Loading Range: 25600.00
Block Slow Loading: No
 ClientOnlyVisible: No
            Origin: X=0.000 Y=0.000 Z=0.000

[+] Grid Levels: 1
 |- Level  0: Cell Count    0 | Cell Size   12800 | Actor Count    0 (0.0%)

[+] Content of Grid Level 0

